<?xml version="1.0" encoding="UTF-8"?>
<!-- Generated by org.testng.reporters.JUnitXMLReporter -->
<testsuite ignored="0" hostname="DELL" failures="0" tests="3" name="E2E Test Execution" time="32.063" errors="0" timestamp="2026-01-23T19:43:39 IST">
  <testcase classname="com.redbus.test.E2E_Test" name="redBusEndToEndTest" time="8.821"/>
  <testcase classname="com.redbus.test.E2E_Test" name="redBusEndToEndTest" time="8.837"/>
  <testcase classname="com.redbus.test.E2E_Test" name="redBusEndToEndTest" time="8.746"/>
</testsuite> <!-- E2E Test Execution -->
