<?xml version="1.0" encoding="UTF-8"?>
<!-- Generated by org.testng.reporters.JUnitXMLReporter -->
<testsuite ignored="0" hostname="DELL" failures="0" tests="3" name="E2E Test Execution" time="47.587" errors="0" timestamp="2026-01-18T23:38:21 IST">
  <testcase classname="com.redbus.test.E2E_Test" name="redBusEndToEndTest" time="13.831"/>
  <testcase classname="com.redbus.test.E2E_Test" name="redBusEndToEndTest" time="13.951"/>
  <testcase classname="com.redbus.test.E2E_Test" name="redBusEndToEndTest" time="13.461"/>
</testsuite> <!-- E2E Test Execution -->
