<?xml version="1.0" encoding="UTF-8"?>
<!-- Generated by org.testng.reporters.JUnitXMLReporter -->
<testsuite ignored="0" hostname="DELL" failures="0" tests="3" name="OrderedExecution" time="5.907" errors="0" timestamp="2026-01-16T16:31:45 IST">
  <testcase classname="com.redbus.test.redbus" name="TrainSerach" time="2.618"/>
  <testcase classname="com.redbus.test.redbus" name="FreeCancelCharge" time="1.473"/>
  <testcase classname="com.redbus.test.redbus" name="TrainClass" time="1.576"/>
</testsuite> <!-- OrderedExecution -->
