<?xml version="1.0" encoding="UTF-8"?>
<!-- Generated by org.testng.reporters.JUnitXMLReporter -->
<testsuite ignored="0" hostname="DELL" failures="0" tests="3" name="OrderedExecution" time="4.617" errors="0" timestamp="2026-01-17T18:07:29 IST">
  <testcase classname="com.redbus.test.redbus" name="TrainSerach" time="1.958"/>
  <testcase classname="com.redbus.test.redbus" name="FreeCancelCharge" time="1.312"/>
  <testcase classname="com.redbus.test.redbus" name="TrainClass" time="1.247"/>
</testsuite> <!-- OrderedExecution -->
