<?xml version="1.0" encoding="UTF-8"?>
<testng-results ignored="0" total="3" passed="3" failed="0" skipped="0">
  <reporter-output>
  </reporter-output>
  <suite started-at="2026-01-16T13:42:19 IST" name="Default suite" finished-at="2026-01-16T13:42:32 IST" duration-ms="13016">
    <groups>
    </groups>
    <test started-at="2026-01-16T13:42:19 IST" name="Default test" finished-at="2026-01-16T13:42:32 IST" duration-ms="13016">
      <class name="com.redbus.test.redbus">
        <test-method is-config="true" signature="setUp()[pri:0, instance:com.redbus.test.redbus@4afcd809]" started-at="2026-01-16T13:42:10 IST" name="setUp" finished-at="2026-01-16T13:42:19 IST" duration-ms="9221" status="PASS">
          <reporter-output>
          </reporter-output>
        </test-method> <!-- setUp -->
        <test-method signature="TrainSerach()[pri:0, instance:com.redbus.test.redbus@4afcd809]" started-at="2026-01-16T13:42:20 IST" name="TrainSerach" finished-at="2026-01-16T13:42:27 IST" duration-ms="6908" status="PASS">
          <reporter-output>
          </reporter-output>
        </test-method> <!-- TrainSerach -->
        <test-method signature="FreeCancelCharge()[pri:0, instance:com.redbus.test.redbus@4afcd809]" started-at="2026-01-16T13:42:27 IST" name="FreeCancelCharge" finished-at="2026-01-16T13:42:29 IST" depends-on-methods="com.redbus.test.redbus.TrainSerach" duration-ms="2045" status="PASS">
          <reporter-output>
          </reporter-output>
        </test-method> <!-- FreeCancelCharge -->
        <test-method signature="TrainClass()[pri:0, instance:com.redbus.test.redbus@4afcd809]" started-at="2026-01-16T13:42:29 IST" name="TrainClass" finished-at="2026-01-16T13:42:32 IST" depends-on-methods="com.redbus.test.redbus.FreeCancelCharge" duration-ms="2462" status="PASS">
          <reporter-output>
          </reporter-output>
        </test-method> <!-- TrainClass -->
        <test-method is-config="true" signature="AfterExecu()[pri:0, instance:com.redbus.test.redbus@4afcd809]" started-at="2026-01-16T13:42:33 IST" name="AfterExecu" finished-at="2026-01-16T13:42:38 IST" duration-ms="5364" status="PASS">
          <reporter-output>
          </reporter-output>
        </test-method> <!-- AfterExecu -->
      </class> <!-- com.redbus.test.redbus -->
    </test> <!-- Default test -->
  </suite> <!-- Default suite -->
</testng-results>
