<?xml version="1.0" encoding="UTF-8"?>
<testng-results ignored="0" total="3" passed="3" failed="0" skipped="0">
  <reporter-output>
  </reporter-output>
  <suite started-at="2026-01-16T16:31:39 IST" name="RedBusSuite" finished-at="2026-01-16T16:31:45 IST" duration-ms="5907">
    <groups>
    </groups>
    <test started-at="2026-01-16T16:31:39 IST" name="OrderedExecution" finished-at="2026-01-16T16:31:45 IST" duration-ms="5907">
      <class name="com.redbus.test.redbus">
        <test-method is-config="true" signature="setUp()[pri:0, instance:com.redbus.test.redbus@776aec5c]" started-at="2026-01-16T16:31:24 IST" name="setUp" finished-at="2026-01-16T16:31:39 IST" duration-ms="15336" status="PASS">
          <reporter-output>
          </reporter-output>
        </test-method> <!-- setUp -->
        <test-method signature="TrainSerach()[pri:0, instance:com.redbus.test.redbus@776aec5c]" started-at="2026-01-16T16:31:39 IST" name="TrainSerach" finished-at="2026-01-16T16:31:42 IST" duration-ms="2618" status="PASS">
          <reporter-output>
          </reporter-output>
        </test-method> <!-- TrainSerach -->
        <test-method signature="FreeCancelCharge()[pri:0, instance:com.redbus.test.redbus@776aec5c]" started-at="2026-01-16T16:31:42 IST" name="FreeCancelCharge" finished-at="2026-01-16T16:31:43 IST" depends-on-methods="com.redbus.test.redbus.TrainSerach" duration-ms="1473" status="PASS">
          <reporter-output>
          </reporter-output>
        </test-method> <!-- FreeCancelCharge -->
        <test-method signature="TrainClass()[pri:0, instance:com.redbus.test.redbus@776aec5c]" started-at="2026-01-16T16:31:43 IST" name="TrainClass" finished-at="2026-01-16T16:31:45 IST" depends-on-methods="com.redbus.test.redbus.FreeCancelCharge" duration-ms="1576" status="PASS">
          <reporter-output>
          </reporter-output>
        </test-method> <!-- TrainClass -->
        <test-method is-config="true" signature="AfterExecu()[pri:0, instance:com.redbus.test.redbus@776aec5c]" started-at="2026-01-16T16:31:45 IST" name="AfterExecu" finished-at="2026-01-16T16:31:46 IST" duration-ms="1036" status="PASS">
          <reporter-output>
          </reporter-output>
        </test-method> <!-- AfterExecu -->
      </class> <!-- com.redbus.test.redbus -->
    </test> <!-- OrderedExecution -->
  </suite> <!-- RedBusSuite -->
</testng-results>
