<?xml version="1.0" encoding="UTF-8"?>
<!-- Generated by org.testng.reporters.JUnitReportReporter -->
<testsuite hostname="DELL" failures="0" tests="3" name="com.redbus.test.redbus" time="11.415" errors="0" timestamp="2026-01-16T13:42:39 IST" skipped="0">
  <testcase classname="com.redbus.test.redbus" name="TrainSerach" time="6.908"/>
  <testcase classname="com.redbus.test.redbus" name="FreeCancelCharge" time="2.045"/>
  <testcase classname="com.redbus.test.redbus" name="TrainClass" time="2.462"/>
</testsuite> <!-- com.redbus.test.redbus -->
