<?xml version="1.0" encoding="UTF-8"?>
<!-- Generated by org.testng.reporters.JUnitReportReporter -->
<testsuite hostname="DELL" failures="0" tests="3" name="com.redbus.test.redbus" time="4.517" errors="0" timestamp="2026-01-17T18:07:30 IST" skipped="0">
  <testcase classname="com.redbus.test.redbus" name="TrainSerach" time="1.958"/>
  <testcase classname="com.redbus.test.redbus" name="FreeCancelCharge" time="1.312"/>
  <testcase classname="com.redbus.test.redbus" name="TrainClass" time="1.247"/>
</testsuite> <!-- com.redbus.test.redbus -->
