<?xml version="1.0" encoding="UTF-8"?>
<!-- Generated by org.testng.reporters.JUnitReportReporter -->
<testsuite hostname="DELL" failures="0" tests="3" name="practices.redbus" time="4.813" errors="0" timestamp="2026-01-16T12:48:38 IST" skipped="0">
  <testcase classname="practices.redbus" name="TrainClass" time="1.465"/>
  <testcase classname="practices.redbus" name="TrainSerach" time="2.313"/>
  <testcase classname="practices.redbus" name="FreeCancelCharge" time="1.035"/>
</testsuite> <!-- practices.redbus -->
