<?xml version="1.0" encoding="UTF-8"?>
<!-- Generated by org.testng.reporters.JUnitReportReporter -->
<testsuite hostname="DELL" failures="0" tests="3" name="com.redbus.test.E2E_Test" time="47.264" errors="0" timestamp="2026-01-18T23:38:21 IST" skipped="0">
  <testcase classname="com.redbus.test.E2E_Test" name="redBusEndToEndTest" time="15.339"/>
  <testcase classname="com.redbus.test.E2E_Test" name="redBusEndToEndTest" time="16.281"/>
  <testcase classname="com.redbus.test.E2E_Test" name="redBusEndToEndTest" time="15.644"/>
</testsuite> <!-- com.redbus.test.E2E_Test -->
