<?xml version="1.0" encoding="UTF-8"?>
<!-- Generated by org.testng.reporters.JUnitReportReporter -->
<testsuite hostname="DELL" failures="0" tests="3" name="com.redbus.test.E2E_Test" time="31.784" errors="0" timestamp="2026-01-23T19:43:39 IST" skipped="0">
  <testcase classname="com.redbus.test.E2E_Test" name="redBusEndToEndTest" time="10.400"/>
  <testcase classname="com.redbus.test.E2E_Test" name="redBusEndToEndTest" time="10.364"/>
  <testcase classname="com.redbus.test.E2E_Test" name="redBusEndToEndTest" time="11.020"/>
</testsuite> <!-- com.redbus.test.E2E_Test -->
